test2 of TCS on 2009 02 05
480
240
240 pointings to be tested:
1 :  RA: 4.500   DEC: 23.000
2 :  RA: 4.500   DEC: 16.000
3 :  RA: 4.500   DEC: 8.000
4 :  RA: 4.500   DEC: 1.000
5 :  RA: 4.500   DEC: -6.000
6 :  RA: 4.500   DEC: -14.000
7 :  RA: 4.500   DEC: -21.000
8 :  RA: 4.500   DEC: -28.000
9 :  RA: 4.500   DEC: -36.000
10 :  RA: 4.500   DEC: -43.000
11 :  RA: 4.500   DEC: -50.000
12 :  RA: 4.500   DEC: -58.000
13 :  RA: 4.500   DEC: -65.000
14 :  RA: 4.500   DEC: -72.000
15 :  RA: 4.500   DEC: -80.000
16 :  RA: 5.000   DEC: 23.000
17 :  RA: 5.000   DEC: 16.000
18 :  RA: 5.000   DEC: 8.000
19 :  RA: 5.000   DEC: 1.000
20 :  RA: 5.000   DEC: -6.000
21 :  RA: 5.000   DEC: -14.000
22 :  RA: 5.000   DEC: -21.000
23 :  RA: 5.000   DEC: -28.000
24 :  RA: 5.000   DEC: -36.000
25 :  RA: 5.000   DEC: -43.000
26 :  RA: 5.000   DEC: -50.000
27 :  RA: 5.000   DEC: -58.000
28 :  RA: 5.000   DEC: -65.000
29 :  RA: 5.000   DEC: -72.000
30 :  RA: 5.000   DEC: -80.000
31 :  RA: 5.500   DEC: 23.000
32 :  RA: 5.500   DEC: 16.000
33 :  RA: 5.500   DEC: 8.000
34 :  RA: 5.500   DEC: 1.000
35 :  RA: 5.500   DEC: -6.000
36 :  RA: 5.500   DEC: -14.000
37 :  RA: 5.500   DEC: -21.000
38 :  RA: 5.500   DEC: -28.000
39 :  RA: 5.500   DEC: -36.000
40 :  RA: 5.500   DEC: -43.000
41 :  RA: 5.500   DEC: -50.000
42 :  RA: 5.500   DEC: -58.000
43 :  RA: 5.500   DEC: -65.000
44 :  RA: 5.500   DEC: -72.000
45 :  RA: 5.500   DEC: -80.000
46 :  RA: 6.000   DEC: 23.000
47 :  RA: 6.000   DEC: 16.000
48 :  RA: 6.000   DEC: 8.000
49 :  RA: 6.000   DEC: 1.000
50 :  RA: 6.000   DEC: -6.000
51 :  RA: 6.000   DEC: -14.000
52 :  RA: 6.000   DEC: -21.000
53 :  RA: 6.000   DEC: -28.000
54 :  RA: 6.000   DEC: -36.000
55 :  RA: 6.000   DEC: -43.000
56 :  RA: 6.000   DEC: -50.000
57 :  RA: 6.000   DEC: -58.000
58 :  RA: 6.000   DEC: -65.000
59 :  RA: 6.000   DEC: -72.000
60 :  RA: 6.000   DEC: -80.000
61 :  RA: 6.500   DEC: 23.000
62 :  RA: 6.500   DEC: 16.000
63 :  RA: 6.500   DEC: 8.000
64 :  RA: 6.500   DEC: 1.000
65 :  RA: 6.500   DEC: -6.000
66 :  RA: 6.500   DEC: -14.000
67 :  RA: 6.500   DEC: -21.000
68 :  RA: 6.500   DEC: -28.000
69 :  RA: 6.500   DEC: -36.000
70 :  RA: 6.500   DEC: -43.000
71 :  RA: 6.500   DEC: -50.000
72 :  RA: 6.500   DEC: -58.000
73 :  RA: 6.500   DEC: -65.000
74 :  RA: 6.500   DEC: -72.000
75 :  RA: 6.500   DEC: -80.000
76 :  RA: 7.000   DEC: 23.000
77 :  RA: 7.000   DEC: 16.000
78 :  RA: 7.000   DEC: 8.000
79 :  RA: 7.000   DEC: 1.000
80 :  RA: 7.000   DEC: -6.000
81 :  RA: 7.000   DEC: -14.000
82 :  RA: 7.000   DEC: -21.000
83 :  RA: 7.000   DEC: -28.000
84 :  RA: 7.000   DEC: -36.000
85 :  RA: 7.000   DEC: -43.000
86 :  RA: 7.000   DEC: -50.000
87 :  RA: 7.000   DEC: -58.000
88 :  RA: 7.000   DEC: -65.000
89 :  RA: 7.000   DEC: -72.000
90 :  RA: 7.000   DEC: -80.000
91 :  RA: 7.500   DEC: 23.000
92 :  RA: 7.500   DEC: 16.000
93 :  RA: 7.500   DEC: 8.000
94 :  RA: 7.500   DEC: 1.000
95 :  RA: 7.500   DEC: -6.000
96 :  RA: 7.500   DEC: -14.000
97 :  RA: 7.500   DEC: -21.000
98 :  RA: 7.500   DEC: -28.000
99 :  RA: 7.500   DEC: -36.000
100 :  RA: 7.500   DEC: -43.000
101 :  RA: 7.500   DEC: -50.000
102 :  RA: 7.500   DEC: -58.000
103 :  RA: 7.500   DEC: -65.000
104 :  RA: 7.500   DEC: -72.000
105 :  RA: 7.500   DEC: -80.000
106 :  RA: 8.000   DEC: 23.000
107 :  RA: 8.000   DEC: 16.000
108 :  RA: 8.000   DEC: 8.000
109 :  RA: 8.000   DEC: 1.000
110 :  RA: 8.000   DEC: -6.000
111 :  RA: 8.000   DEC: -14.000
112 :  RA: 8.000   DEC: -21.000
113 :  RA: 8.000   DEC: -28.000
114 :  RA: 8.000   DEC: -36.000
115 :  RA: 8.000   DEC: -43.000
116 :  RA: 8.000   DEC: -50.000
117 :  RA: 8.000   DEC: -58.000
118 :  RA: 8.000   DEC: -65.000
119 :  RA: 8.000   DEC: -72.000
120 :  RA: 8.000   DEC: -80.000
121 :  RA: 8.500   DEC: 23.000
122 :  RA: 8.500   DEC: 16.000
123 :  RA: 8.500   DEC: 8.000
124 :  RA: 8.500   DEC: 1.000
125 :  RA: 8.500   DEC: -6.000
126 :  RA: 8.500   DEC: -14.000
127 :  RA: 8.500   DEC: -21.000
128 :  RA: 8.500   DEC: -28.000
129 :  RA: 8.500   DEC: -36.000
130 :  RA: 8.500   DEC: -43.000
131 :  RA: 8.500   DEC: -50.000
132 :  RA: 8.500   DEC: -58.000
133 :  RA: 8.500   DEC: -65.000
134 :  RA: 8.500   DEC: -72.000
135 :  RA: 8.500   DEC: -80.000
136 :  RA: 9.000   DEC: 23.000
137 :  RA: 9.000   DEC: 16.000
138 :  RA: 9.000   DEC: 8.000
139 :  RA: 9.000   DEC: 1.000
140 :  RA: 9.000   DEC: -6.000
141 :  RA: 9.000   DEC: -14.000
142 :  RA: 9.000   DEC: -21.000
143 :  RA: 9.000   DEC: -28.000
144 :  RA: 9.000   DEC: -36.000
145 :  RA: 9.000   DEC: -43.000
146 :  RA: 9.000   DEC: -50.000
147 :  RA: 9.000   DEC: -58.000
148 :  RA: 9.000   DEC: -65.000
149 :  RA: 9.000   DEC: -72.000
150 :  RA: 9.000   DEC: -80.000
151 :  RA: 9.500   DEC: 23.000
152 :  RA: 9.500   DEC: 16.000
153 :  RA: 9.500   DEC: 8.000
154 :  RA: 9.500   DEC: 1.000
155 :  RA: 9.500   DEC: -6.000
156 :  RA: 9.500   DEC: -14.000
157 :  RA: 9.500   DEC: -21.000
158 :  RA: 9.500   DEC: -28.000
159 :  RA: 9.500   DEC: -36.000
160 :  RA: 9.500   DEC: -43.000
161 :  RA: 9.500   DEC: -50.000
162 :  RA: 9.500   DEC: -58.000
163 :  RA: 9.500   DEC: -65.000
164 :  RA: 9.500   DEC: -72.000
165 :  RA: 9.500   DEC: -80.000
166 :  RA: 10.000   DEC: 23.000
167 :  RA: 10.000   DEC: 16.000
168 :  RA: 10.000   DEC: 8.000
169 :  RA: 10.000   DEC: 1.000
170 :  RA: 10.000   DEC: -6.000
171 :  RA: 10.000   DEC: -14.000
172 :  RA: 10.000   DEC: -21.000
173 :  RA: 10.000   DEC: -28.000
174 :  RA: 10.000   DEC: -36.000
175 :  RA: 10.000   DEC: -43.000
176 :  RA: 10.000   DEC: -50.000
177 :  RA: 10.000   DEC: -58.000
178 :  RA: 10.000   DEC: -65.000
179 :  RA: 10.000   DEC: -72.000
180 :  RA: 10.000   DEC: -80.000
181 :  RA: 10.500   DEC: 23.000
182 :  RA: 10.500   DEC: 16.000
183 :  RA: 10.500   DEC: 8.000
184 :  RA: 10.500   DEC: 1.000
185 :  RA: 10.500   DEC: -6.000
186 :  RA: 10.500   DEC: -14.000
187 :  RA: 10.500   DEC: -21.000
188 :  RA: 10.500   DEC: -28.000
189 :  RA: 10.500   DEC: -36.000
190 :  RA: 10.500   DEC: -43.000
191 :  RA: 10.500   DEC: -50.000
192 :  RA: 10.500   DEC: -58.000
193 :  RA: 10.500   DEC: -65.000
194 :  RA: 10.500   DEC: -72.000
195 :  RA: 10.500   DEC: -80.000
196 :  RA: 11.000   DEC: 23.000
197 :  RA: 11.000   DEC: 16.000
198 :  RA: 11.000   DEC: 8.000
199 :  RA: 11.000   DEC: 1.000
200 :  RA: 11.000   DEC: -6.000
201 :  RA: 11.000   DEC: -14.000
202 :  RA: 11.000   DEC: -21.000
203 :  RA: 11.000   DEC: -28.000
204 :  RA: 11.000   DEC: -36.000
205 :  RA: 11.000   DEC: -43.000
206 :  RA: 11.000   DEC: -50.000
207 :  RA: 11.000   DEC: -58.000
208 :  RA: 11.000   DEC: -65.000
209 :  RA: 11.000   DEC: -72.000
210 :  RA: 11.000   DEC: -80.000
211 :  RA: 11.500   DEC: 23.000
212 :  RA: 11.500   DEC: 16.000
213 :  RA: 11.500   DEC: 8.000
214 :  RA: 11.500   DEC: 1.000
215 :  RA: 11.500   DEC: -6.000
216 :  RA: 11.500   DEC: -14.000
217 :  RA: 11.500   DEC: -21.000
218 :  RA: 11.500   DEC: -28.000
219 :  RA: 11.500   DEC: -36.000
220 :  RA: 11.500   DEC: -43.000
221 :  RA: 11.500   DEC: -50.000
222 :  RA: 11.500   DEC: -58.000
223 :  RA: 11.500   DEC: -65.000
224 :  RA: 11.500   DEC: -72.000
225 :  RA: 11.500   DEC: -80.000
226 :  RA: 12.000   DEC: 23.000
227 :  RA: 12.000   DEC: 16.000
228 :  RA: 12.000   DEC: 8.000
229 :  RA: 12.000   DEC: 1.000
230 :  RA: 12.000   DEC: -6.000
231 :  RA: 12.000   DEC: -14.000
232 :  RA: 12.000   DEC: -21.000
233 :  RA: 12.000   DEC: -28.000
234 :  RA: 12.000   DEC: -36.000
235 :  RA: 12.000   DEC: -43.000
236 :  RA: 12.000   DEC: -50.000
237 :  RA: 12.000   DEC: -58.000
238 :  RA: 12.000   DEC: -65.000
239 :  RA: 12.000   DEC: -72.000
240 :  RA: 12.000   DEC: -80.000
 
Thu Feb 5 00:58:53 CLST 2009 going to pointing 1 : 4.500 23.000

